"../../../MyProject/Content/VirtualReality/Mannequin/Character/Mesh/MannequinHand_Right_Skeleton.uasset" 0
"../../../MyProject/Content/VirtualReality/Mannequin/Animations/MannequinHand_Right_CanGrab.uasset" 1
"../../../MyProject/Content/VirtualReality/Mannequin/Animations/MannequinHand_Right_Grab.uasset" 2
"../../../MyProject/Content/VirtualReality/Mannequin/Animations/MannequinHand_Right_Open.uasset" 3
"../../../MyProject/Content/VirtualReality/Mannequin/Animations/RightGrip_BS.uasset" 4
"../../../MyProject/Content/VirtualRealityBP/Blueprints/GripEnum.uasset" 5
"../../../MyProject/Content/VirtualReality/Mannequin/Animations/RightHand_AnimBP.uasset" 6
"../../../Engine/Content/EditorBlueprintResources/StandardMacros.uasset" 7
"../../../MyProject/Content/VirtualRealityBP/Blueprints/PickupActorInterface.uasset" 8
"../../../MyProject/Content/VirtualRealityBP/Blueprints/MotionControllerHaptics.uasset" 9
"../../../Engine/Content/Functions/Engine_MaterialFunctions02/Utility/BreakOutFloat2Components.uasset" 10
"../../../Engine/Content/Functions/Engine_MaterialFunctions01/Texturing/ScaleUVsByCenter.uasset" 11
"../../../Engine/Content/Functions/Engine_MaterialFunctions02/ScreenResolution.uasset" 12
"../../../Engine/Content/Functions/Engine_MaterialFunctions02/Texturing/ScreenAlignedUVs.uasset" 13
"../../../Engine/Content/Functions/Engine_MaterialFunctions02/Utility/CameraDirectionVector.uasset" 14
"../../../Engine/Content/Functions/Engine_MaterialFunctions02/Utility/DepthFromWorldPosition.uasset" 15
"../../../MyProject/Content/VirtualReality/Materials/MF_OccludedPixels.uasset" 16
"../../../MyProject/Content/VirtualReality/Materials/TeleportMCP.uasset" 17
"../../../Engine/Content/EngineMaterials/Good64x64TilingNoiseHighFreq.uasset" 18
"../../../MyProject/Content/VirtualReality/Materials/M_ArcEndpoint.uasset" 19
"../../../MyProject/Content/VirtualReality/Materials/M_SplineArcMat.uasset" 20
"../../../MyProject/Content/VirtualReality/Materials/M_TeleportPreviews.uasset" 21
"../../../MyProject/Content/VirtualReality/Materials/MI_ChaperoneOutline.uasset" 22
"../../../MyProject/Content/VirtualReality/Materials/MI_TeleportCylinderPreview.uasset" 23
"../../../Engine/Content/Functions/Engine_MaterialFunctions01/Opacity/CameraDepthFade.uasset" 24
"../../../Engine/Content/EngineMaterials/T_Default_Material_Grid_M.uasset" 25
"../../../Engine/Content/EngineMaterials/T_Default_Material_Grid_N.uasset" 26
"../../../Engine/Content/EngineMaterials/DefaultMaterial.uasset" 27
"../../../Engine/Content/BasicShapes/Cylinder.uasset" 28
"../../../Engine/Content/BasicShapes/Sphere.uasset" 29
"../../../MyProject/Content/VirtualReality/Mannequin/Character/Textures/UE4_Mannequin__normals.uasset" 30
"../../../MyProject/Content/VirtualReality/Mannequin/Character/Textures/UE4_Mannequin_MAT_MASKA.uasset" 31
"../../../MyProject/Content/VirtualReality/Mannequin/Character/Materials/M_HandMat.uasset" 32
"../../../MyProject/Content/VirtualReality/Mannequin/Character/Mesh/MannequinHand_Right_PhysicsAsset.uasset" 33
"../../../MyProject/Content/VirtualReality/Mannequin/Character/Mesh/MannequinHand_Right.uasset" 34
"../../../Engine/Content/EngineMaterials/WorldGridMaterial.uasset" 35
"../../../MyProject/Content/VirtualReality/Meshes/1x1_cube.uasset" 36
"../../../MyProject/Content/VirtualReality/Meshes/BeaconDirection.uasset" 37
"../../../MyProject/Content/VirtualReality/Meshes/BeamMesh.uasset" 38
"../../../MyProject/Content/VirtualReality/Meshes/SM_FatCylinder.uasset" 39
"../../../MyProject/Content/VirtualRealityBP/Blueprints/BP_MotionController.uasset" 40
"../../../MyProject/Content/Assets/Textures/FireExtinguisher_Co2.uasset" 41
"../../../MyProject/Content/Assets/Textures/FireExtinguisher_Co2_Spec.uasset" 42
"../../../MyProject/Content/Assets/Materials/FireExtinguisherCO2MAT.uasset" 43
"../../../MyProject/Content/Assets/Models/FireExtinguisherCO2.uasset" 44
"../../../MyProject/Content/StarterContent/Materials/M_Basic_Wall.uasset" 45
"../../../MyProject/Content/StarterContent/Shapes/Shape_Cone.uasset" 46
"../../../MyProject/Content/StarterContent/Shapes/Shape_Cube.uasset" 47
"../../../MyProject/Content/VirtualRealityBP/Blueprints/MotionControllerPawn.uasset" 48
"../../../MyProject/Content/VRGameMode.uasset" 49
"../../../MyProject/Content/VR_Character_Bp.uasset" 50
"../../../MyProject/Content/Assets/Textures/FireExtinguisher_Co2_Bump.uasset" 51
"../../../MyProject/Content/Assets/Textures/FireExtinguisher_Foam_Bump.uasset" 52
"../../../MyProject/Content/Assets/Textures/FireExtinguisher_Powder_Bump.uasset" 53
"../../../MyProject/Content/Assets/Textures/FireExtinguisher_Water_Bump.uasset" 54
"../../../MyProject/Content/Assets/Textures/GravelAO.uasset" 55
"../../../MyProject/Content/Assets/Textures/GravelDisplacement.uasset" 56
"../../../MyProject/Content/Assets/Textures/GravelNormal.uasset" 57
"../../../MyProject/Content/Assets/Textures/GravelSpecular.uasset" 58
"../../../MyProject/Content/Assets/Textures/SeamlessGravel.uasset" 59
"../../../Engine/Content/ArtTools/RenderToTexture/MaterialFunctions/FlipbookWind.uasset" 60
"../../../MyProject/Content/Textures/Placeholder/tex_diffuse.uasset" 61
"../../../MyProject/Content/Material/Master_Material/M_grass_advanced.uasset" 62
"../../../MyProject/Content/Textures/tex_variation_diff.uasset" 63
"../../../MyProject/Content/Textures/Trees/tex_leaves_diff.uasset" 64
"../../../MyProject/Content/Material/Child_Material/M_bush_advanced_Inst.uasset" 65
"../../../MyProject/Content/Material/Master_Material/reaction_param_collection.uasset" 66
"../../../MyProject/Content/Material/Master_Material/M_grass_pro.uasset" 67
"../../../MyProject/Content/Textures/tex_snow_diff.uasset" 68
"../../../MyProject/Content/Textures/tex_snow_mask1.uasset" 69
"../../../MyProject/Content/Material/Child_Material/M_bush_pro_Inst.uasset" 70
"../../../Engine/Content/Functions/Engine_MaterialFunctions02/WorldPositionOffset/Wind.uasset" 71
"../../../MyProject/Content/Textures/Placeholder/tex_normal.uasset" 72
"../../../MyProject/Content/Material/Master_Material/M_bark.uasset" 73
"../../../MyProject/Content/Textures/Trees/tex_deciduousbark1_diff.uasset" 74
"../../../MyProject/Content/Textures/Trees/tex_deciduousbark1_n.uasset" 75
"../../../MyProject/Content/Material/Child_Material/M_deciduousbark1_Inst.uasset" 76
"../../../MyProject/Content/Textures/Trees/tex_deciduousbark2_diff.uasset" 77
"../../../MyProject/Content/Textures/Trees/tex_deciduousbark2_n.uasset" 78
"../../../MyProject/Content/Material/Child_Material/M_deciduousbark2_Inst.uasset" 79
"../../../MyProject/Content/Textures/Grass_Flower/tex_flower_pink_diff.uasset" 80
"../../../MyProject/Content/Material/Child_Material/M_flower_advanced_pink_Inst.uasset" 81
"../../../MyProject/Content/Textures/Grass_Flower/tex_flower_red_diff.uasset" 82
"../../../MyProject/Content/Material/Child_Material/M_flower_advanced_red_Inst.uasset" 83
"../../../MyProject/Content/Material/Master_Material/M_grass_basic.uasset" 84
"../../../MyProject/Content/Material/Child_Material/M_flower_basic_pink_Inst.uasset" 85
"../../../MyProject/Content/Material/Child_Material/M_flower_pro_pink_Inst.uasset" 86
"../../../MyProject/Content/Material/Child_Material/M_flower_pro_red_Inst.uasset" 87
"../../../MyProject/Content/Textures/Grass_Flower/tex_grass_diff.uasset" 88
"../../../MyProject/Content/Material/Child_Material/M_grass_advanced_Inst.uasset" 89
"../../../MyProject/Content/Material/Master_Material/M_tree_advanced.uasset" 90
"../../../MyProject/Content/Material/Child_Material/M_tree_advanced_Inst.uasset" 91
"../../../MyProject/Content/StarterContent/Architecture/Pillar_50x500.uasset" 92
"../../../MyProject/Content/StarterContent/Architecture/Wall_400x300.uasset" 93
"../../../MyProject/Content/StarterContent/Architecture/Wall_400x400.uasset" 94
"../../../MyProject/Content/StarterContent/Architecture/Wall_500x500.uasset" 95
"../../../MyProject/Content/StarterContent/Architecture/Wall_Door_400x400.uasset" 96
"../../../MyProject/Content/StarterContent/Architecture/Wall_Window_400x400.uasset" 97
"../../../MyProject/Content/StarterContent/Audio/Light01_Cue.uasset" 98
"../../../MyProject/Content/StarterContent/Audio/Light02_Cue.uasset" 99
"../../../MyProject/Content/StarterContent/Audio/Explosion_Cue.uasset" 100
"../../../MyProject/Content/StarterContent/Textures/T_Burst_M.uasset" 101
"../../../MyProject/Content/StarterContent/Particles/Materials/M_Burst.uasset" 102
"../../../MyProject/Content/StarterContent/Textures/T_Explosion_SubUV.uasset" 103
"../../../MyProject/Content/StarterContent/Particles/Materials/M_explosion_subUV.uasset" 104
"../../../MyProject/Content/StarterContent/Particles/Materials/m_flare_01.uasset" 105
"../../../Engine/Content/Functions/Engine_MaterialFunctions01/Gradient/RadialGradient.uasset" 106
"../../../MyProject/Content/StarterContent/Particles/Materials/M_radial_ramp.uasset" 107
"../../../MyProject/Content/StarterContent/Textures/T_Smoke_SubUV.uasset" 108
"../../../MyProject/Content/StarterContent/Textures/T_Smoke_Tiled_D.uasset" 109
"../../../MyProject/Content/StarterContent/Particles/Materials/M_smoke_subUV.uasset" 110
"../../../MyProject/Content/StarterContent/Particles/P_Explosion.uasset" 111
"../../../MyProject/Content/StarterContent/Blueprints/Blueprint_Effect_Explosion.uasset" 112
"../../../Engine/Content/EditorMeshes/ColorCalibrator/T_ColorGrid.uasset" 113
"../../../MyProject/Content/StarterContent/Materials/M_ColorGrid_LowSpec.uasset" 114
"../../../MyProject/Content/StarterContent/Textures/T_Chair_M.uasset" 115
"../../../MyProject/Content/StarterContent/Textures/T_Chair_N.uasset" 116
"../../../MyProject/Content/StarterContent/Props/Materials/M_Chair.uasset" 117
"../../../MyProject/Content/StarterContent/Props/SM_Couch.uasset" 118
"../../../MyProject/Content/StarterContent/Materials/M_Glass.uasset" 119
"../../../MyProject/Content/StarterContent/Textures/T_Door_M.uasset" 120
"../../../MyProject/Content/StarterContent/Textures/T_Door_N.uasset" 121
"../../../MyProject/Content/StarterContent/Props/Materials/M_Door.uasset" 122
"../../../MyProject/Content/StarterContent/Props/SM_Door.uasset" 123
"../../../MyProject/Content/StarterContent/Props/Materials/M_MaterialSphere.uasset" 124
"../../../MyProject/Content/StarterContent/Props/Materials/M_MaterialSphere_Plain.uasset" 125
"../../../MyProject/Content/StarterContent/Props/SM_MatPreviewMesh_02.uasset" 126
"../../../Engine/Content/Functions/Engine_MaterialFunctions02/Utility/BlendAngleCorrectedNormals.uasset" 127
"../../../MyProject/Content/StarterContent/Textures/T_Detail_Rocky_N.uasset" 128
"../../../MyProject/Content/StarterContent/Textures/T_Rock_Basalt_D.uasset" 129
"../../../MyProject/Content/StarterContent/Textures/T_RockMesh_M.uasset" 130
"../../../MyProject/Content/StarterContent/Textures/T_RockMesh_N.uasset" 131
"../../../MyProject/Content/StarterContent/Props/Materials/M_Rock.uasset" 132
"../../../MyProject/Content/StarterContent/Props/SM_Rock.uasset" 133
"../../../MyProject/Content/StarterContent/Textures/T_Shelf_M.uasset" 134
"../../../MyProject/Content/StarterContent/Textures/T_Shelf_N.uasset" 135
"../../../MyProject/Content/StarterContent/Props/Materials/M_Shelf.uasset" 136
"../../../MyProject/Content/StarterContent/Props/SM_Shelf.uasset" 137
"../../../MyProject/Content/StarterContent/Materials/M_Basic_Floor.uasset" 138
"../../../MyProject/Content/StarterContent/Props/SM_Stairs.uasset" 139
"../../../MyProject/Content/StarterContent/Shapes/Shape_Cylinder.uasset" 140
"../../../MyProject/Content/StarterContent/Shapes/Shape_NarrowCapsule.uasset" 141
"../../../MyProject/Content/StarterContent/Shapes/Shape_Pipe.uasset" 142
"../../../MyProject/Content/StarterContent/Shapes/Shape_Pipe_180.uasset" 143
"../../../MyProject/Content/StarterContent/Shapes/Shape_Pipe_90.uasset" 144
"../../../MyProject/Content/StarterContent/Shapes/Shape_Plane.uasset" 145
"../../../MyProject/Content/StarterContent/Shapes/Shape_Torus.uasset" 146
"../../../MyProject/Content/StarterContent/Shapes/Shape_Trim.uasset" 147
"../../../MyProject/Content/StarterContent/Shapes/Shape_Trim_90_In.uasset" 148
"../../../MyProject/Content/StarterContent/Shapes/Shape_Trim_90_Out.uasset" 149
"../../../MyProject/Content/StarterContent/Shapes/Shape_TriPyramid.uasset" 150
"../../../MyProject/Content/StarterContent/Shapes/Shape_Tube.uasset" 151
"../../../MyProject/Content/StarterContent/Shapes/Shape_Wedge_A.uasset" 152
"../../../MyProject/Content/StarterContent/Shapes/Shape_Wedge_B.uasset" 153
"../../../MyProject/Content/StarterContent/Shapes/Shape_WideCapsule.uasset" 154
"../../../MyProject/Content/Textures/tex_snow_mask2.uasset" 155
"../../../MyProject/Content/Textures/tex_snow_mask4.uasset" 156
"../../../MyProject/Content/VegetationPack/Material/Master_Material/M_grass_basic.uasset" 157
"../../../MyProject/Content/VegetationPack/Material/Child_Material/M_bush_basic_Inst.uasset" 158
"../../../MyProject/Content/VegetationPack/Meshes/Bush/SM_bush1.uasset" 159
"../../../MyProject/Content/VegetationPack/Meshes/Bush/SM_bush2.uasset" 160
"../../../MyProject/Content/VegetationPack/Meshes/Bush/SM_bush3.uasset" 161
"../../../MyProject/Content/VegetationPack/Meshes/Bush/SM_bush4.uasset" 162
"../../../MyProject/Content/VegetationPack/Meshes/Bush/SM_bush5.uasset" 163
"../../../MyProject/Content/VegetationPack/Meshes/Bush/SM_bush6.uasset" 164
"../../../MyProject/Content/VegetationPack/Material/Child_Material/M_flower_basic_red_Inst.uasset" 165
"../../../MyProject/Content/VegetationPack/Material/Child_Material/M_grass_basic_Inst.uasset" 166
"../../../MyProject/Content/VegetationPack/Meshes/Field/SM_grass_flower_patch1.uasset" 167
"../../../MyProject/Content/VegetationPack/Meshes/Field/SM_grass_flower_patch2.uasset" 168
"../../../MyProject/Content/VegetationPack/Meshes/Field/SM_grass_flower_patch3.uasset" 169
"../../../MyProject/Content/VegetationPack/Meshes/Field/SM_grass_flower_patch4.uasset" 170
"../../../MyProject/Content/VegetationPack/Meshes/Field/SM_grass_flower_patch5.uasset" 171
"../../../MyProject/Content/VegetationPack/Meshes/Field/SM_grass_flower_patch6.uasset" 172
"../../../MyProject/Content/VegetationPack/Meshes/Flowers/SM_grass_flower1.uasset" 173
"../../../MyProject/Content/VegetationPack/Meshes/Flowers/SM_grass_flower2.uasset" 174
"../../../MyProject/Content/VegetationPack/Meshes/Flowers/SM_grass_flower3.uasset" 175
"../../../MyProject/Content/VegetationPack/Meshes/Flowers/SM_grass_flower4.uasset" 176
"../../../MyProject/Content/VegetationPack/Meshes/Flowers/SM_grass_flower5.uasset" 177
"../../../MyProject/Content/VegetationPack/Meshes/Flowers/SM_grass_flower6.uasset" 178
"../../../MyProject/Content/VegetationPack/Meshes/Flowers/SM_grass_patch_flower1.uasset" 179
"../../../MyProject/Content/VegetationPack/Meshes/Flowers/SM_grass_patch_flower2.uasset" 180
"../../../MyProject/Content/VegetationPack/Meshes/Flowers/SM_grass_patch_flower3.uasset" 181
"../../../MyProject/Content/VegetationPack/Meshes/Flowers/SM_grass_patch_flower4.uasset" 182
"../../../MyProject/Content/VegetationPack/Meshes/Flowers/SM_grass_patch_flower5.uasset" 183
"../../../MyProject/Content/VegetationPack/Meshes/Flowers/SM_grass_patch_flower6.uasset" 184
"../../../MyProject/Content/VegetationPack/Meshes/Grass/SM_grass1.uasset" 185
"../../../MyProject/Content/VegetationPack/Meshes/Grass/SM_grass3.uasset" 186
"../../../MyProject/Content/VegetationPack/Meshes/Grass/SM_grass4.uasset" 187
"../../../MyProject/Content/VegetationPack/Meshes/Grass/SM_grass5.uasset" 188
"../../../MyProject/Content/VegetationPack/Meshes/Grass/SM_grass6.uasset" 189
"../../../MyProject/Content/VegetationPack/Meshes/Grass/SM_grass_patch1.uasset" 190
"../../../MyProject/Content/VegetationPack/Meshes/Grass/SM_grass_patch2.uasset" 191
"../../../MyProject/Content/VegetationPack/Meshes/Grass/SM_grass_patch3.uasset" 192
"../../../MyProject/Content/VegetationPack/Meshes/Grass/SM_grass_patch4.uasset" 193
"../../../MyProject/Content/VegetationPack/Meshes/Grass/SM_grass_patch5.uasset" 194
"../../../MyProject/Content/VegetationPack/Meshes/Grass/SM_grass_patch6.uasset" 195
"../../../MyProject/Content/VegetationPack/Material/Master_Material/M_bark.uasset" 196
"../../../MyProject/Content/Textures/Trees/tex_birchbark_diff.uasset" 197
"../../../MyProject/Content/Textures/Trees/tex_birchbark_n.uasset" 198
"../../../MyProject/Content/VegetationPack/Material/Child_Material/M_birchbark_Inst.uasset" 199
"../../../MyProject/Content/VegetationPack/Material/Master_Material/M_tree_basic.uasset" 200
"../../../MyProject/Content/VegetationPack/Material/Child_Material/M_tree_basic_Inst.uasset" 201
"../../../MyProject/Content/VegetationPack/Meshes/Trees/SM_tree1.uasset" 202
"../../../MyProject/Content/VegetationPack/Meshes/Trees/SM_tree10.uasset" 203
"../../../MyProject/Content/VegetationPack/Meshes/Trees/SM_tree2.uasset" 204
"../../../MyProject/Content/VegetationPack/Meshes/Trees/SM_tree5.uasset" 205
"../../../MyProject/Content/VegetationPack/Meshes/Trees/SM_tree6.uasset" 206
"../../../MyProject/Content/VegetationPack/Meshes/Trees/SM_tree7.uasset" 207
"../../../MyProject/Content/VegetationPack/Meshes/Trees/SM_tree9.uasset" 208
"../../../MyProject/Content/VegetationPack/Textures/tex_snow_diff.uasset" 209
"../../../MyProject/Content/VegetationPack/Textures/tex_snow_mask1.uasset" 210
"../../../MyProject/Content/VegetationPack/Textures/tex_snow_mask2.uasset" 211
"../../../MyProject/Content/VegetationPack/Textures/tex_snow_mask3.uasset" 212
"../../../MyProject/Content/VegetationPack/Textures/tex_snow_mask4.uasset" 213
"../../../MyProject/Content/VegetationPack/Textures/tex_variation_diff.uasset" 214
"../../../MyProject/Content/VegetationPack/Textures/Grass_Flower/tex_flower_pink_diff.uasset" 215
"../../../MyProject/Content/VegetationPack/Textures/Grass_Flower/tex_flower_red_diff.uasset" 216
"../../../MyProject/Content/VegetationPack/Textures/Grass_Flower/tex_grass_diff.uasset" 217
"../../../MyProject/Content/VegetationPack/Textures/Ground/tex_dirt_diff.uasset" 218
"../../../MyProject/Content/VegetationPack/Textures/Ground/tex_dirt_n.uasset" 219
"../../../MyProject/Content/VegetationPack/Textures/Ground/tex_grass_diff.uasset" 220
"../../../MyProject/Content/VegetationPack/Textures/Ground/tex_grass_n.uasset" 221
"../../../MyProject/Content/VegetationPack/Textures/Ground/tex_macro.uasset" 222
"../../../MyProject/Content/VegetationPack/Textures/Ground/tex_noise.uasset" 223
"../../../MyProject/Content/VegetationPack/Textures/Particle/tex_leave_diff.uasset" 224
"../../../MyProject/Content/VegetationPack/Textures/Placeholder/tex_diffuse.uasset" 225
"../../../MyProject/Content/VegetationPack/Textures/Placeholder/tex_normal.uasset" 226
"../../../MyProject/Content/VegetationPack/Textures/Trees/tex_birchbark_diff.uasset" 227
"../../../MyProject/Content/VegetationPack/Textures/Trees/tex_birchbark_n.uasset" 228
"../../../MyProject/Content/VegetationPack/Textures/Trees/tex_branch_diff.uasset" 229
"../../../MyProject/Content/VegetationPack/Textures/Trees/tex_deciduousbark1_diff.uasset" 230
"../../../MyProject/Content/VegetationPack/Textures/Trees/tex_deciduousbark1_n.uasset" 231
"../../../MyProject/Content/VegetationPack/Textures/Trees/tex_deciduousbark2_diff.uasset" 232
"../../../MyProject/Content/VegetationPack/Textures/Trees/tex_deciduousbark2_n.uasset" 233
"../../../MyProject/Content/VegetationPack/Textures/Trees/tex_leaves_diff.uasset" 234
"../../../Engine/Content/BasicShapes/Cone.uasset" 235
"../../../Engine/Content/EditorLandscapeResources/DataLayer.uasset" 236
"../../../Engine/Content/EditorMaterials/GizmoMaterial.uasset" 237
"../../../Engine/Content/EditorMaterials/MAT_Groups_Toggle.uasset" 238
"../../../Engine/Content/EditorMaterials/MAT_Groups_Visibility.uasset" 239
"../../../Engine/Content/EditorMaterials/PreviewShadowIndicator.uasset" 240
"../../../Engine/Content/EditorMaterials/PreviewShadowIndicatorMaterial.uasset" 241
"../../../Engine/Content/EditorMaterials/MatineeGroups/MAT_ColorTrack.uasset" 242
"../../../Engine/Content/EditorMaterials/MatineeGroups/MAT_Groups_Anim.uasset" 243
"../../../Engine/Content/EditorMaterials/MatineeGroups/MAT_Groups_AudioMaster.uasset" 244
"../../../Engine/Content/EditorMaterials/MatineeGroups/MAT_Groups_Director.uasset" 245
"../../../Engine/Content/EditorMaterials/MatineeGroups/MAT_Groups_Event.uasset" 246
"../../../Engine/Content/EditorMaterials/MatineeGroups/MAT_Groups_Fade.uasset" 247
"../../../Engine/Content/EditorMaterials/MatineeGroups/MAT_Groups_Float.uasset" 248
"../../../Engine/Content/EditorMaterials/MatineeGroups/MAT_Groups_Move.uasset" 249
"../../../Engine/Content/EditorMaterials/MatineeGroups/MAT_Groups_Slomo.uasset" 250
"../../../Engine/Content/EditorMaterials/MatineeGroups/MAT_Groups_Sound.uasset" 251
"../../../Engine/Content/EditorMaterials/MatineeGroups/MAT_Groups_Vector.uasset" 252
"../../../Engine/Content/EditorMaterials/ParticleSystems/PSysThumbnail_NoImage.uasset" 253
"../../../Engine/Content/EditorMaterials/ParticleSystems/PSysThumbnail_OOD.uasset" 254
"../../../Engine/Content/EditorMaterials/Camera/CineMat.uasset" 255
"../../../Engine/Content/EditorMaterials/Camera/MI_CineMat_Rig.uasset" 256
"../../../Engine/Content/EditorMeshes/Camera/SM_CraneRig_Arm.uasset" 257
"../../../Engine/Content/EditorMeshes/Camera/SM_CraneRig_Base.uasset" 258
"../../../Engine/Content/EditorMeshes/Camera/SM_CraneRig_Body.uasset" 259
"../../../Engine/Content/EditorMeshes/Camera/SM_CraneRig_Mount.uasset" 260
"../../../Engine/Content/EditorMeshes/Camera/SM_RailRig_Mount.uasset" 261
"../../../Engine/Content/EditorMeshes/Camera/SM_RailRig_Track.uasset" 262
"../../../Engine/Content/EditorResources/BSPVertex.uasset" 263
"../../../Engine/Content/EditorResources/EmptyActor.uasset" 264
"../../../Engine/Content/EditorResources/S_Actor.uasset" 265
"../../../Engine/Content/EditorResources/S_Trigger.uasset" 266
"../../../Engine/Content/EditorResources/AudioIcons/S_AudioComponent.uasset" 267
"../../../Engine/Content/EditorResources/AudioIcons/S_AudioComponent_AutoActivate.uasset" 268
"../../../Engine/Content/EditorResources/LightIcons/S_LightError.uasset" 269
"../../../Engine/Content/EditorResources/SequenceRecorder/Countdown.uasset" 270
"../../../Engine/Content/EditorResources/SequenceRecorder/RecordingIndicator.uasset" 271
"../../../Engine/Content/EditorSounds/Notifications/CompileFailed.uasset" 272
"../../../Engine/Content/EditorSounds/Notifications/CompileFailed_Cue.uasset" 273
"../../../Engine/Content/EditorSounds/Notifications/CompileSuccess.uasset" 274
"../../../Engine/Content/EditorSounds/Notifications/CompileStart_Cue.uasset" 275
"../../../Engine/Content/EditorSounds/Notifications/CompileSuccess_Cue.uasset" 276
"../../../Engine/Content/EngineDamageTypes/DmgTypeBP_Environmental.uasset" 277
"../../../Engine/Content/EngineDebugMaterials/HeatmapGradient.uasset" 278
"../../../Engine/Content/EngineDebugMaterials/BoneWeightMaterial.uasset" 279
"../../../Engine/Content/EngineDebugMaterials/ClothMaterial.uasset" 280
"../../../Engine/Content/EngineDebugMaterials/ClothMaterial_WF.uasset" 281
"../../../Engine/Content/EngineDebugMaterials/DebugEditorMaterial.uasset" 282
"../../../Engine/Content/EngineDebugMaterials/DebugMeshMaterial.uasset" 283
"../../../Engine/Content/EngineDebugMaterials/GeomMaterial.uasset" 284
"../../../Engine/Content/EngineFonts/Faces/RobotoBold.uasset" 285
"../../../Engine/Content/EngineFonts/Faces/RobotoBoldItalic.uasset" 286
"../../../Engine/Content/EngineFonts/Faces/RobotoItalic.uasset" 287
"../../../Engine/Content/EngineFonts/Faces/RobotoLight.uasset" 288
"../../../Engine/Content/EngineFonts/Faces/RobotoRegular.uasset" 289
"../../../Engine/Content/EngineFonts/Roboto.uasset" 290
"../../../Engine/Content/EngineFonts/Faces/RobotoTiny.uasset" 291
"../../../Engine/Content/EngineFonts/RobotoTiny.uasset" 292
"../../../Engine/Content/EngineMaterials/DefaultBloomKernel.uasset" 293
"../../../Engine/Content/EngineMaterials/DefaultBokeh.uasset" 294
"../../../Engine/Content/EngineMaterials/DefaultDiffuse.uasset" 295
"../../../Engine/Content/EngineMaterials/DefaultDeferredDecalMaterial.uasset" 296
"../../../Engine/Content/EngineMaterials/DefaultLightFunctionMaterial.uasset" 297
"../../../Engine/Content/EngineMaterials/DefaultPostProcessMaterial.uasset" 298
"../../../Engine/Content/EngineFonts/RobotoDistanceField.uasset" 299
"../../../Engine/Content/EngineMaterials/DefaultTextMaterialOpaque.uasset" 300
"../../../Engine/Content/EngineMaterials/DefaultWhiteGrid.uasset" 301
"../../../Engine/Content/EngineMaterials/EditorBrushMaterial.uasset" 302
"../../../Engine/Content/EngineMaterials/MiniFont.uasset" 303
"../../../Engine/Content/EngineMaterials/InvalidLightmapSettings.uasset" 304
"../../../Engine/Content/EngineMaterials/M_InvalidLightmapSettings.uasset" 305
"../../../Engine/Content/Functions/Engine_MaterialFunctions02/WorldPositionOffset/CameraOffset.uasset" 306
"../../../Engine/Content/EngineMaterials/PhAT_JointLimitMaterial.uasset" 307
"../../../Engine/Content/EngineMaterials/PreintegratedSkinBRDF.uasset" 308
"../../../Engine/Content/EngineMaterials/RemoveSurfaceMaterial.uasset" 309
"../../../Engine/Content/EngineMaterials/WeightMapPlaceholderTexture.uasset" 310
"../../../Engine/Content/EngineResources/WhiteSquareTexture.uasset" 311
"../../../Engine/Content/EngineMaterials/Widget3DPassThrough.uasset" 312
"../../../Engine/Content/EngineMaterials/Widget3DPassThrough_Masked.uasset" 313
"../../../Engine/Content/EngineMaterials/Widget3DPassThrough_Opaque.uasset" 314
"../../../Engine/Content/EngineMaterials/Widget3DPassThrough_Masked_OneSided.uasset" 315
"../../../Engine/Content/EngineMaterials/Widget3DPassThrough_Opaque_OneSided.uasset" 316
"../../../Engine/Content/EngineMaterials/Widget3DPassThrough_Translucent.uasset" 317
"../../../Engine/Content/EngineMaterials/Widget3DPassThrough_Translucent_OneSided.uasset" 318
"../../../Engine/Content/EngineMeshes/Cube.uasset" 319
"../../../Engine/Content/EngineMeshes/Cylinder.uasset" 320
"../../../Engine/Content/EngineMeshes/Sphere.uasset" 321
"../../../Engine/Content/EngineResources/Black.uasset" 322
"../../../Engine/Content/EngineResources/DefaultTexture.uasset" 323
"../../../Engine/Content/EngineResources/DefaultTextureCube.uasset" 324
"../../../Engine/Content/EngineResources/GradientTexture0.uasset" 325
"../../../Engine/Content/EngineSounds/Master.uasset" 326
"../../../Engine/Content/Functions/Engine_MaterialFunctions01/Shading/ConvertFromDiffSpec.uasset" 327
"../../../Engine/Content/Functions/Engine_MaterialFunctions01/Shading/PowerToRoughness.uasset" 328
"../../../Engine/Content/Maps/Templates/Thumbnails/Default.uasset" 329
"../../../Engine/Content/Maps/Templates/Thumbnails/VR-Basic.uasset" 330
"../../../Engine/Content/MobileResources/T_MobileControls_texture.uasset" 331
"../../../Engine/Content/MobileResources/T_MobileMenu2.uasset" 332
"../../../Engine/Content/MobileResources/HUD/AnalogHat.uasset" 333
"../../../Engine/Content/MobileResources/HUD/VirtualJoystick_Background.uasset" 334
"../../../Engine/Content/MobileResources/HUD/VirtualJoystick_Thumb.uasset" 335
"../../../Engine/Content/MobileResources/HUD/DefaultVirtualJoysticks.uasset" 336
"../../../Engine/Content/MobileResources/HUD/LeftVirtualJoystickOnly.uasset" 337
"../../../Engine/Content/MobileResources/HUD/MobileHUDButton1_off.uasset" 338
"../../../Engine/Content/MobileResources/HUD/MobileHUDButton1_on.uasset" 339
"../../../Engine/Content/MobileResources/HUD/MobileHUDButton2_off.uasset" 340
"../../../Engine/Content/MobileResources/HUD/MobileHUDButton2_on.uasset" 341
"../../../Engine/Content/MobileResources/HUD/MobileHUDButton3.uasset" 342
"../../../Engine/Content/MobileResources/HUD/MobileHUDButtonFire.uasset" 343
"../../../Engine/Content/MobileResources/HUD/MobileHUDDirectionPad.uasset" 344
"../../../Engine/Content/MobileResources/HUD/MobileHUDDirectionPad2.uasset" 345
"../../../Engine/Content/MobileResources/HUD/MobileHUDDirectionPad3.uasset" 346
"../../../Engine/Content/MobileResources/HUD/MobileHUDDirectionStick.uasset" 347
"../../../Engine/Content/MobileResources/HUD/T_Castle_ThumbstickInner.uasset" 348
"../../../Engine/Content/MobileResources/HUD/T_Castle_ThumbstickOutter.uasset" 349
"../../../Engine/Content/Tutorial/ContentIntroCurve.uasset" 350
"../../../Engine/Content/Tutorial/Basics/TutorialAssets/icon_tab_Levels_40x.uasset" 351
"../../../Engine/Content/Tutorial/BlueprintTutorials/TutorialAssets/BlueprintInterface_64x.uasset" 352
"../../../Engine/Content/Tutorial/BlueprintTutorials/TutorialAssets/BlueprintMacroLibrary_64x.uasset" 353
"../../../Engine/Content/Tutorial/BlueprintTutorials/TutorialAssets/Blueprint_64x.uasset" 354
"../../../Engine/Content/EditorBlueprintResources/ActorMacros.uasset" 355
"../../../Engine/Content/Tutorial/BlueprintTutorials/TutorialAssets/Tutorial_BP_Class.uasset" 356
"../../../Engine/Content/Tutorial/BlueprintTutorials/TutorialAssets/Tutorial_BP_Interface.uasset" 357
"../../../Engine/Content/Tutorial/Foliage/TutorialAssets/Foliage.uasset" 358
"../../../Engine/Content/Tutorial/Landscape/TutorialAssets/Landscape.uasset" 359
"../../../Engine/Content/Tutorial/Paper2D/TutorialAssets/Paper2DFlipbook_TutorialIcon.uasset" 360
"../../../Engine/Content/Tutorial/Paper2D/TutorialAssets/Paper2DSprite_TutorialIcon.uasset" 361
"../../../Engine/Content/Tutorial/SubEditors/TutorialAssets/icon_Editor_Preferences_General_40x.uasset" 362
"../../../Engine/Content/Tutorial/SubEditors/TutorialAssets/icon_ShowSkeletalMeshes_40x.uasset" 363
"../../../Engine/Content/Tutorial/SubEditors/TutorialAssets/TutorialMaterial.uasset" 364
"../../../Engine/Content/Tutorial/SubEditors/TutorialAssets/T_SmokeSubUV_8X8.uasset" 365
"../../../Engine/Content/Tutorial/SubEditors/TutorialAssets/T_soft_smoke.uasset" 366
"../../../Engine/Content/Tutorial/SubEditors/TutorialAssets/M_smoke_subUV_blackbody.uasset" 367
"../../../Engine/Content/Tutorial/SubEditors/TutorialAssets/TutorialParticleSystem.uasset" 368
"../../../Engine/Content/VREditor/Devices/Generic/GenericHMDMaterial.uasset" 369
"../../../Engine/Content/VREditor/Devices/Generic/GenericHMD.uasset" 370
"../../../Engine/Content/VREditor/FloatingText/LineMaterial.uasset" 371
"../../../Engine/Content/VREditor/FloatingText/JointSphere.uasset" 372
"../../../Engine/Content/VREditor/FloatingText/LineSegmentCylinder.uasset" 373
"../../../Engine/Content/VREditor/Fonts/VRText_RobotoLarge.uasset" 374
"../../../Engine/Content/VREditor/Fonts/VRTextMaterial.uasset" 375
"../../../Engine/Content/VREditor/Fonts/TranslucentVRTextMaterial.uasset" 376
"../../../Engine/Content/VREditor/LaserPointer/CursorPointer.uasset" 377
"../../../Engine/Content/VREditor/LaserPointer/VR_LaserPower_01.uasset" 378
"../../../Engine/Content/VREditor/TransformGizmo/TransformGizmoMaterial.uasset" 379
"../../../Engine/Content/VREditor/LaserPointer/HoverMaterial.uasset" 380
"../../../Engine/Content/VREditor/TransformGizmo/TranslucentTransformGizmoMaterial.uasset" 381
"../../../Engine/Content/VREditor/LaserPointer/TranslucentHoverMaterial.uasset" 382
"../../../Engine/Content/VREditor/LaserPointer/HoverMesh.uasset" 383
"../../../Engine/Content/VREditor/LaserPointer/LaserPointerMaterial.uasset" 384
"../../../Engine/Content/VREditor/LaserPointer/LaserPointerMaterialInst.uasset" 385
"../../../Engine/Content/VREditor/LaserPointer/TranslucentLaserPointerMaterialInst.uasset" 386
"../../../Engine/Content/VREditor/LaserPointer/LaserPointerMesh.uasset" 387
"../../../Engine/Content/VREditor/LaserPointer/LaserPointerMesh_End.uasset" 388
"../../../Engine/Content/VREditor/LaserPointer/LaserPointerMesh_Start.uasset" 389
"../../../Engine/Content/Functions/Engine_MaterialFunctions02/Utility/BreakOutFloat3Components.uasset" 390
"../../../Engine/Content/Functions/Engine_MaterialFunctions02/Math/Transform3x3Matrix.uasset" 391
"../../../Engine/Content/Functions/Engine_MaterialFunctions02/SplitComponents.uasset" 392
"../../../Engine/Content/Functions/Engine_MaterialFunctions02/Utility/MakeFloat3.uasset" 393
"../../../Engine/Content/VREditor/SnapGrid/SnapGridMaterial.uasset" 394
"../../../Engine/Content/VREditor/SnapGrid/SnapGridPlaneMesh.uasset" 395
"../../../Engine/Content/VREditor/Sounds/VR_teleport.uasset" 396
"../../../Engine/Content/VREditor/Sounds/UI/Click_on_Button_Cue.uasset" 397
"../../../Engine/Content/VREditor/Sounds/UI/Dockable_Window_Close.uasset" 398
"../../../Engine/Content/VREditor/Sounds/UI/Dockable_Window_Drop.uasset" 399
"../../../Engine/Content/VREditor/Sounds/UI/Dockable_Window_Open.uasset" 400
"../../../Engine/Content/VREditor/Sounds/UI/Dockable_Window_Pick_Up.uasset" 401
"../../../Engine/Content/VREditor/Sounds/UI/Drop_Item_From_ContentBrowser.uasset" 402
"../../../Engine/Content/VREditor/Sounds/UI/Floating_UI_Open-001.uasset" 403
"../../../Engine/Content/VREditor/Sounds/UI/Gizmo_Handle_Clicked.uasset" 404
"../../../Engine/Content/VREditor/Sounds/UI/Object_PickUp.uasset" 405
"../../../Engine/Content/VREditor/Sounds/UI/Object_Snaps_To_Another_Actor.uasset" 406
"../../../Engine/Content/VREditor/Sounds/UI/Object_Snaps_To_Grid.uasset" 407
"../../../Engine/Content/VREditor/Sounds/UI/Radial_Menu_FadeOut.uasset" 408
"../../../Engine/Content/VREditor/Sounds/UI/Scaling_Down.uasset" 409
"../../../Engine/Content/VREditor/Sounds/UI/Scaling_Up.uasset" 410
"../../../Engine/Content/VREditor/Sounds/UI/Selection_Changes.uasset" 411
"../../../Engine/Content/VREditor/Sounds/UI/Teleport_Mode_Entered.uasset" 412
"../../../Engine/Content/VREditor/Teleport/TeleportDirectionMaterial.uasset" 413
"../../../Engine/Content/VREditor/Teleport/TeleportDirectionMaterial_Inst.uasset" 414
"../../../Engine/Content/VREditor/Teleport/TeleportDirectionMesh.uasset" 415
"../../../Engine/Content/VREditor/TransformGizmo/BoundingBoxCorner.uasset" 416
"../../../Engine/Content/VREditor/TransformGizmo/BoundingBoxEdge.uasset" 417
"../../../Engine/Content/VREditor/TransformGizmo/PlaneTranslationHandle.uasset" 418
"../../../Engine/Content/VREditor/TransformGizmo/RotationHandleFull.uasset" 419
"../../../Engine/Content/VREditor/TransformGizmo/RotationHandleIndicator.uasset" 420
"../../../Engine/Content/VREditor/TransformGizmo/RotationHandleQuarter.uasset" 421
"../../../Engine/Content/VREditor/TransformGizmo/Main.uasset" 422
"../../../Engine/Content/VREditor/TransformGizmo/Xray.uasset" 423
"../../../Engine/Content/VREditor/TransformGizmo/SM_Dialog_Close.uasset" 424
"../../../Engine/Content/VREditor/TransformGizmo/SM_Dialog_Move.uasset" 425
"../../../Engine/Content/VREditor/TransformGizmo/SM_Sequencer_Key.uasset" 426
"../../../Engine/Content/VREditor/TransformGizmo/SM_Sequencer_Node.uasset" 427
"../../../Engine/Content/VREditor/TransformGizmo/StartRotationHandleIndicator.uasset" 428
"../../../Engine/Content/VREditor/TransformGizmo/TranslucentTransformGizmoMaterial_Inst.uasset" 429
"../../../Engine/Content/VREditor/TransformGizmo/TransformGizmoFreeRotation.uasset" 430
"../../../Engine/Content/VREditor/TransformGizmo/TransformGizmoMaterial_Inst.uasset" 431
"../../../Engine/Content/VREditor/TransformGizmo/TranslateArrowHandle.uasset" 432
"../../../Engine/Content/VREditor/TransformGizmo/UniformScaleHandle.uasset" 433
"../../../Engine/Content/VREditor/UI/KeyDiskMaterial.uasset" 434
"../../../Engine/Content/VREditor/UI/DiscMaterial.uasset" 435
"../../../Engine/Content/VREditor/UI/SM_Radial_Disk.uasset" 436
"../../../Engine/Content/VREditor/WorldMovementGrid/SimpleGrid.uasset" 437
"../../../Engine/Content/VREditor/WorldMovementGrid/GridMaterial.uasset" 438
"../../../Engine/Content/Functions/Engine_MaterialFunctions01/Density/ExponentialDensity.uasset" 439
"../../../Engine/Content/VREditor/WorldMovementGrid/GridPostProcess.uasset" 440
"../../../Engine/Content/EditorLandscapeResources/FlattenHeightMat.uasset" 441
"../../../Engine/Content/VREditor/WorldMovementGrid/PlaneMesh.uasset" 442
"../../../Engine/Plugins/2D/Paper2D/Content/PlaceholderTextures/DummySpriteTexture.uasset" 443
"../../../Engine/Plugins/2D/Paper2D/Content/DummySprite.uasset" 444
"../../../Engine/Plugins/2D/Paper2D/Content/DefaultPaperTerrainMaterial.uasset" 445
"../../../Engine/Plugins/2D/Paper2D/Content/DefaultSpriteMaterial.uasset" 446
"../../../Engine/Plugins/2D/Paper2D/Content/MaskedUnlitSpriteMaterial.uasset" 447
"../../../Engine/Plugins/2D/Paper2D/Content/OpaqueUnlitSpriteMaterial.uasset" 448
"../../../Engine/Plugins/Media/MediaCompositing/Content/DefaultMediaPlaneMaterial.uasset" 449
"../../../Engine/Content/Functions/Engine_MaterialFunctions02/Utility/MakeFloat4.uasset" 450
"../../../Engine/Plugins/Runtime/AppleARKit/Content/ARKitCameraMaterial.uasset" 451
"../../../Engine/Plugins/Runtime/Oculus/OculusVR/Content/Textures/GearVRController_AO.uasset" 452
"../../../Engine/Plugins/Runtime/Oculus/OculusVR/Content/Textures/GearVRController_Color.uasset" 453
"../../../Engine/Plugins/Runtime/Oculus/OculusVR/Content/Textures/GearVRController_Normal.uasset" 454
"../../../Engine/Plugins/Runtime/Oculus/OculusVR/Content/Materials/GearVRControllerMaterial.uasset" 455
"../../../Engine/Plugins/Runtime/Oculus/OculusVR/Content/Meshes/GearVrController.uasset" 456
"../../../Engine/Content/EngineSky/C_Sky_Cloud_Color.uasset" 457
"../../../Engine/Content/EngineSky/C_Sky_Horizon_Color.uasset" 458
"../../../Engine/Content/EngineSky/C_Sky_Zenith_Color.uasset" 459
"../../../Engine/Content/EngineSky/T_Sky_Blue.uasset" 460
"../../../Engine/Content/EngineSky/T_Sky_Clouds_M.uasset" 461
"../../../Engine/Content/EngineSky/T_Sky_Stars.uasset" 462
"../../../Engine/Content/EngineSky/M_Sky_Panning_Clouds2.uasset" 463
"../../../Engine/Content/EngineSky/SM_SkySphere.uasset" 464
"../../../Engine/Content/EngineSky/BP_Sky_Sphere.uasset" 465
"../../../Engine/Content/EngineMeshes/Humanoid.uasset" 466
"../../../MyProject/Content/Player_Assets/Character/HeroTPP_Skeleton.uasset" 467
"../../../MyProject/Content/Player_Assets/Animations/Jump_End.uasset" 468
"../../../MyProject/Content/Player_Assets/Animations/Jump_Loop.uasset" 469
"../../../MyProject/Content/Player_Assets/Animations/Jump_Start.uasset" 470
"../../../MyProject/Content/Player_Assets/Animations/Idle.uasset" 471
"../../../MyProject/Content/Player_Assets/Animations/Run.uasset" 472
"../../../MyProject/Content/Player_Assets/Animations/Walk.uasset" 473
"../../../MyProject/Content/Player_Assets/Character/IdleRun_TPP.uasset" 474
"../../../MyProject/Content/Player_Assets/Character/HeroTPP_AnimBlueprint.uasset" 475
"../../../Engine/Content/TemplateResources/M_Template_Master.uasset" 476
"../../../Engine/Content/TemplateResources/MI_Template_BaseBlue.uasset" 477
"../../../MyProject/Content/Player_Assets/Character/HeroTPP.uasset" 478
"../../../MyProject/Content/Player_Assets/Blueprints/MyCharacter.uasset" 479
"../../../MyProject/Content/Player_Assets/Blueprints/MyGame.uasset" 480
"../../../MyProject/Content/Maps/layers/Dirt_LayerInfo.uasset" 481
"../../../MyProject/Content/Maps/layers/Grass_LayerInfo.uasset" 482
"../../../MyProject/Content/Textures/Ground/tex_dirt_diff.uasset" 483
"../../../MyProject/Content/Textures/Ground/tex_dirt_n.uasset" 484
"../../../MyProject/Content/Textures/Ground/tex_grass_diff.uasset" 485
"../../../MyProject/Content/Textures/Ground/tex_grass_n.uasset" 486
"../../../MyProject/Content/Textures/Ground/tex_macro.uasset" 487
"../../../MyProject/Content/Textures/Ground/tex_noise.uasset" 488
"../../../MyProject/Content/Material/Master_Material/M_landscape.uasset" 489
"../../../MyProject/Content/Material/Child_Material/M_landscape_Inst.uasset" 490
"../../../Engine/Content/EngineMaterials/DefaultPhysicalMaterial.uasset" 491
"../../../MyProject/Content/Material/Child_Material/M_bush_basic_Inst.uasset" 492
"../../../MyProject/Content/Meshes/Bush/SM_bush1.uasset" 493
"../../../MyProject/Content/Meshes/Bush/SM_bush3.uasset" 494
"../../../MyProject/Content/Material/Child_Material/M_flower_basic_red_Inst.uasset" 495
"../../../MyProject/Content/Meshes/Flowers/SM_grass_flower1.uasset" 496
"../../../MyProject/Content/Meshes/Flowers/SM_grass_flower2.uasset" 497
"../../../MyProject/Content/Meshes/Flowers/SM_grass_flower3.uasset" 498
"../../../MyProject/Content/Meshes/Flowers/SM_grass_flower4.uasset" 499
"../../../MyProject/Content/Meshes/Flowers/SM_grass_flower5.uasset" 500
"../../../MyProject/Content/Meshes/Flowers/SM_grass_flower6.uasset" 501
"../../../MyProject/Content/Material/Child_Material/M_grass_basic_Inst.uasset" 502
"../../../MyProject/Content/Meshes/Grass/SM_grass1.uasset" 503
"../../../MyProject/Content/Meshes/Grass/SM_grass2.uasset" 504
"../../../MyProject/Content/Meshes/Grass/SM_grass3.uasset" 505
"../../../MyProject/Content/Meshes/Grass/SM_grass4.uasset" 506
"../../../MyProject/Content/Meshes/Grass/SM_grass5.uasset" 507
"../../../MyProject/Content/Material/Child_Material/M_birchbark_Inst.uasset" 508
"../../../MyProject/Content/Material/Master_Material/M_tree_basic.uasset" 509
"../../../MyProject/Content/Material/Child_Material/M_tree_basic_Inst.uasset" 510
"../../../MyProject/Content/Meshes/Trees/SM_tree1.uasset" 511
"../../../MyProject/Content/Meshes/Trees/SM_tree3.uasset" 512
"../../../MyProject/Content/Meshes/Trees/SM_tree4.uasset" 513
"../../../MyProject/Content/Meshes/Trees/SM_tree7.uasset" 514
"../../../MyProject/Content/Meshes/Trees/SM_tree8.uasset" 515
"../../../MyProject/Content/Maps/example_map_highend.umap" 516
"../../../MyProject/Content/Material/Master_Material/M_tree_pro.uasset" 517
"../../../MyProject/Content/Textures/Trees/tex_branch_diff.uasset" 518
"../../../MyProject/Content/Showcase_Assets/M_tree_pro_Inst.uasset" 519
"../../../MyProject/Content/Meshes/Bush/SM_bush6.uasset" 520
"../../../MyProject/Content/Meshes/Grass/SM_grass6.uasset" 521
"../../../MyProject/Content/Maps/example_map_lowend.umap" 522
"../../../MyProject/Content/Meshes/Bush/SM_bush2.uasset" 523
"../../../MyProject/Content/Meshes/Bush/SM_bush4.uasset" 524
"../../../MyProject/Content/Maps/screenshot_map.umap" 525
"../../../MyProject/Content/Material/Child_Material/M_grass_pro_Inst.uasset" 526
"../../../MyProject/Content/Material/Child_Material/M_tree_pro_Inst.uasset" 527
"../../../MyProject/Content/Showcase_Assets/M_bush_pro_Inst.uasset" 528
"../../../MyProject/Content/Showcase_Assets/M_bush_pro_Inst2.uasset" 529
"../../../MyProject/Content/Showcase_Assets/M_deciduousbark1_Inst.uasset" 530
"../../../MyProject/Content/Showcase_Assets/M_deciduousbark2_Inst.uasset" 531
"../../../MyProject/Content/Showcase_Assets/M_flower_advanced_pink_Inst.uasset" 532
"../../../MyProject/Content/Showcase_Assets/M_grass_advanced_Inst.uasset" 533
"../../../MyProject/Content/Showcase_Assets/M_tree_pro_Inst2.uasset" 534
"../../../MyProject/Content/Showcase_Assets/M_tree_pro_Inst22.uasset" 535
"../../../MyProject/Content/Textures/tex_snow_mask3.uasset" 536
"../../../MyProject/Content/Showcase_Assets/M_tree_pro_Inst222.uasset" 537
"../../../Engine/Content/MapTemplates/SM_Template_Map_Floor.uasset" 538
"../../../MyProject/Content/Meshes/Bush/SM_bush5.uasset" 539
"../../../MyProject/Content/Meshes/Field/SM_grass_flower_patch1.uasset" 540
"../../../MyProject/Content/Meshes/Field/SM_grass_flower_patch2.uasset" 541
"../../../MyProject/Content/Meshes/Field/SM_grass_flower_patch3.uasset" 542
"../../../MyProject/Content/Meshes/Field/SM_grass_flower_patch4.uasset" 543
"../../../MyProject/Content/Meshes/Field/SM_grass_flower_patch5.uasset" 544
"../../../MyProject/Content/Meshes/Field/SM_grass_flower_patch6.uasset" 545
"../../../MyProject/Content/Meshes/Flowers/SM_grass_patch_flower1.uasset" 546
"../../../MyProject/Content/Meshes/Flowers/SM_grass_patch_flower2.uasset" 547
"../../../MyProject/Content/Meshes/Flowers/SM_grass_patch_flower3.uasset" 548
"../../../MyProject/Content/Meshes/Flowers/SM_grass_patch_flower4.uasset" 549
"../../../MyProject/Content/Meshes/Flowers/SM_grass_patch_flower5.uasset" 550
"../../../MyProject/Content/Meshes/Flowers/SM_grass_patch_flower6.uasset" 551
"../../../MyProject/Content/Meshes/Grass/SM_grass_patch1.uasset" 552
"../../../MyProject/Content/Meshes/Grass/SM_grass_patch2.uasset" 553
"../../../MyProject/Content/Meshes/Grass/SM_grass_patch3.uasset" 554
"../../../MyProject/Content/Meshes/Grass/SM_grass_patch4.uasset" 555
"../../../MyProject/Content/Meshes/Grass/SM_grass_patch5.uasset" 556
"../../../MyProject/Content/Meshes/Grass/SM_grass_patch6.uasset" 557
"../../../MyProject/Content/Meshes/Trees/SM_tree10.uasset" 558
"../../../MyProject/Content/Meshes/Trees/SM_tree2.uasset" 559
"../../../MyProject/Content/Meshes/Trees/SM_tree5.uasset" 560
"../../../MyProject/Content/Meshes/Trees/SM_tree6.uasset" 561
"../../../MyProject/Content/Meshes/Trees/SM_tree9.uasset" 562
"../../../MyProject/Content/Textures/Particle/tex_leave_diff.uasset" 563
"../../../MyProject/Content/Material/Particle/M_leave_part.uasset" 564
"../../../MyProject/Content/Particle/P_leave.uasset" 565
"../../../MyProject/Content/Maps/showcase_map.umap" 566
"../../../MyProject/Content/Assets/LayerInfo/Dirt_LayerInfo.uasset" 567
"../../../MyProject/Content/Assets/LayerInfo/Grass_LayerInfo.uasset" 568
"../../../MyProject/Content/Assets/LayerInfo/Gravel_LayerInfo.uasset" 569
"../../../MyProject/Content/FireExtinguisherSim_BuiltData.uasset" 570
"../../../MyProject/Content/Assets/Textures/oil_barrel_3.uasset" 571
"../../../MyProject/Content/Assets/Materials/BarrelMAT.uasset" 572
"../../../MyProject/Content/Assets/Textures/Gantry_Crane_Diffuse.uasset" 573
"../../../MyProject/Content/Assets/Textures/Gantry_Crane_Normal.uasset" 574
"../../../MyProject/Content/Assets/Textures/Gantry_Crane_Specular.uasset" 575
"../../../MyProject/Content/Assets/Materials/GantryCraneMAT.uasset" 576
"../../../MyProject/Content/Assets/Textures/Gantry_Crane_Platform_Diffuse.uasset" 577
"../../../MyProject/Content/Assets/Textures/Gantry_Crane_Platform_Normal.uasset" 578
"../../../MyProject/Content/Assets/Textures/Gantry_Crane_Platform_Specular.uasset" 579
"../../../MyProject/Content/Assets/Materials/GantryCranePlatformMAT.uasset" 580
"../../../MyProject/Content/Assets/Textures/GarageAO.uasset" 581
"../../../MyProject/Content/Assets/Textures/GarageDiffuse.uasset" 582
"../../../MyProject/Content/Assets/Textures/GarageDisplacement.uasset" 583
"../../../MyProject/Content/Assets/Textures/GarageNormal.uasset" 584
"../../../MyProject/Content/Assets/Textures/GarageSpecular.uasset" 585
"../../../MyProject/Content/Assets/Materials/GarageMAT.uasset" 586
"../../../MyProject/Content/VegetationPack/Meshes/Grass/SM_grass2.uasset" 587
"../../../MyProject/Content/Assets/Materials/NewLandscapeGrassType.uasset" 588
"../../../Engine/Content/EditorMaterials/Cascade/CASC_Cross.uasset" 589
"../../../Engine/Content/EditorMaterials/Cascade/CASC_None.uasset" 590
"../../../Engine/Content/Functions/Engine_MaterialFunctions03/Blends/Blend_SoftLight.uasset" 591
"../../../MyProject/Content/Assets/Textures/Gravel_Diffuse.uasset" 592
"../../../MyProject/Content/Assets/Textures/Gravel_Normal.uasset" 593
"../../../MyProject/Content/StarterContent/Textures/T_Ground_Grass_D.uasset" 594
"../../../MyProject/Content/StarterContent/Textures/T_Ground_Grass_N.uasset" 595
"../../../MyProject/Content/StarterContent/Textures/T_Ground_Gravel_D.uasset" 596
"../../../MyProject/Content/StarterContent/Textures/T_Ground_Gravel_N.uasset" 597
"../../../MyProject/Content/Assets/Materials/LandscapeMAT.uasset" 598
"../../../MyProject/Content/Assets/Textures/LifeBoat_Texture_Diffuse.uasset" 599
"../../../MyProject/Content/Assets/Textures/Lifeboat_Texture_Normal.uasset" 600
"../../../MyProject/Content/Assets/Textures/Lifeboat_Texture_Specular.uasset" 601
"../../../MyProject/Content/Assets/Materials/LifeBoatMAT.uasset" 602
"../../../MyProject/Content/Assets/Textures/MetalDiffuse.uasset" 603
"../../../MyProject/Content/Assets/Materials/MetalPitMAT.uasset" 604
"../../../MyProject/Content/Assets/Textures/FireExtinguishers_Sign.uasset" 605
"../../../MyProject/Content/Assets/Textures/FireExtinguishers_Sign_Mat.uasset" 606
"../../../MyProject/Content/StarterContent/Textures/T_Perlin_Noise_M.uasset" 607
"../../../MyProject/Content/StarterContent/Textures/T_Water_M.uasset" 608
"../../../MyProject/Content/StarterContent/Textures/T_Water_N.uasset" 609
"../../../MyProject/Content/StarterContent/Materials/M_Oil.uasset" 610
"../../../MyProject/Content/StarterContent/Materials/M_Water_Lake.uasset" 611
"../../../Engine/Content/BasicShapes/Cube.uasset" 612
"../../../Engine/Content/BasicShapes/Plane.uasset" 613
"../../../MyProject/Content/Assets/Models/5_10_scaleman.uasset" 614
"../../../MyProject/Content/Assets/Models/Barrel.uasset" 615
"../../../MyProject/Content/Assets/Textures/Bollard.uasset" 616
"../../../MyProject/Content/Assets/Materials/Bollard.uasset" 617
"../../../MyProject/Content/Assets/Models/Bollard.uasset" 618
"../../../MyProject/Content/Assets/Textures/FenceTexture.uasset" 619
"../../../MyProject/Content/Assets/Materials/FenceMAT.uasset" 620
"../../../MyProject/Content/Assets/Models/Fence.uasset" 621
"../../../MyProject/Content/Assets/Textures/FireExtinguisher_Foam.uasset" 622
"../../../MyProject/Content/Assets/Textures/FireExtinguisher_Foam_Spec.uasset" 623
"../../../MyProject/Content/Assets/Materials/FireExtinguisherFoamMAT.uasset" 624
"../../../MyProject/Content/Assets/Models/FireExtinguisherFoam.uasset" 625
"../../../MyProject/Content/Assets/Textures/FireExtinguisher_Powder.uasset" 626
"../../../MyProject/Content/Assets/Textures/FireExtinguisher_Powder_Spec.uasset" 627
"../../../MyProject/Content/Assets/Materials/FireExtinguisherPowderMAT.uasset" 628
"../../../MyProject/Content/Assets/Models/FireExtinguisherPowder.uasset" 629
"../../../MyProject/Content/Assets/Textures/FireExtinguisher_Water.uasset" 630
"../../../MyProject/Content/Assets/Textures/FireExtinguisher_Water_Spec.uasset" 631
"../../../MyProject/Content/Assets/Materials/FireExtinguisherWaterMAT.uasset" 632
"../../../MyProject/Content/Assets/Models/FireExtinguisherWater.uasset" 633
"../../../MyProject/Content/Assets/Models/Gantry_Crane3.uasset" 634
"../../../MyProject/Content/Assets/Models/Garage.uasset" 635
"../../../MyProject/Content/Assets/Models/LifeBoat2.uasset" 636
"../../../MyProject/Content/Assets/Models/MetalPit.uasset" 637
"../../../MyProject/Content/Assets/Textures/StoneBoxDiffuse.uasset" 638
"../../../MyProject/Content/Assets/Materials/StoneBoxMAT.uasset" 639
"../../../MyProject/Content/Assets/Models/StoneBarricade.uasset" 640
"../../../MyProject/Content/Assets/Models/StoneBox.uasset" 641
"../../../MyProject/Content/StarterContent/Audio/Starter_Background_Cue.uasset" 642
"../../../MyProject/Content/StarterContent/Textures/T_Fire_SubUV.uasset" 643
"../../../MyProject/Content/StarterContent/Textures/T_Fire_Tiled_D.uasset" 644
"../../../MyProject/Content/StarterContent/Particles/Materials/M_Fire_SubUV.uasset" 645
"../../../MyProject/Content/StarterContent/Particles/Materials/M_Heat_Distortion.uasset" 646
"../../../MyProject/Content/StarterContent/Particles/Materials/M_Radial_Gradient.uasset" 647
"../../../MyProject/Content/StarterContent/Particles/P_Fire.uasset" 648
"../../../MyProject/Content/StarterContent/Textures/T_Bush_D.uasset" 649
"../../../MyProject/Content/StarterContent/Textures/T_Bush_N.uasset" 650
"../../../MyProject/Content/StarterContent/Props/Materials/M_Bush.uasset" 651
"../../../MyProject/Content/StarterContent/Props/SM_Bush.uasset" 652
"../../../MyProject/Content/VegetationPack/Meshes/Trees/SM_tree3.uasset" 653
"../../../MyProject/Content/VegetationPack/Meshes/Trees/SM_tree4.uasset" 654
"../../../MyProject/Content/VegetationPack/Meshes/Trees/SM_tree8.uasset" 655
"../../../MyProject/Content/FireExtinguisherSim.umap" 656
"../../../MyProject/Content/StarterContent/Blueprints/Assets/FogBrightnessLUT.uasset" 657
"../../../MyProject/Content/StarterContent/Blueprints/Assets/SunlightColorLUT.uasset" 658
"../../../MyProject/Content/StarterContent/Blueprints/Assets/M_LightStage_Arrows.uasset" 659
"../../../Engine/Content/MapTemplates/Sky/DaylightAmbientCubemap.uasset" 660
"../../../MyProject/Content/StarterContent/Blueprints/Assets/M_LightStage_Skybox_Master.uasset" 661
"../../../MyProject/Content/StarterContent/Blueprints/Assets/M_LightStage_Skybox_Black.uasset" 662
"../../../MyProject/Content/StarterContent/Blueprints/Assets/M_LightStage_Skybox_HDRI.uasset" 663
"../../../Engine/Content/EditorMaterials/Thumbnails/SkySphereMaterial.uasset" 664
"../../../MyProject/Content/StarterContent/Blueprints/Assets/Skybox.uasset" 665
"../../../MyProject/Content/StarterContent/Blueprints/Assets/SM_Arrows.uasset" 666
"../../../MyProject/Content/StarterContent/HDRI/HDRI_Epic_Courtyard_Daylight.uasset" 667
"../../../MyProject/Content/StarterContent/Blueprints/BP_LightStudio.uasset" 668
"../../../MyProject/Content/StarterContent/Materials/M_AssetPlatform.uasset" 669
"../../../Engine/Content/EditorMeshes/ColorCalibrator/M_ChromeBall.uasset" 670
"../../../Engine/Content/EditorMeshes/ColorCalibrator/M_ClearCoat.uasset" 671
"../../../Engine/Content/EditorMeshes/ColorCalibrator/M_ClearCoatBlack.uasset" 672
"../../../Engine/Content/EditorMeshes/ColorCalibrator/Color_checker.uasset" 673
"../../../Engine/Content/EditorMeshes/ColorCalibrator/M_ColorGrid.uasset" 674
"../../../Engine/Content/EditorMeshes/ColorCalibrator/M_GreyBall.uasset" 675
"../../../Engine/Content/EditorMeshes/ColorCalibrator/SM_ColorCalibrator.uasset" 676
"../../../MyProject/Content/StarterContent/Architecture/SM_AssetPlatform.uasset" 677
"../../../MyProject/Content/StarterContent/Maps/Advanced_Lighting.umap" 678
"../../../MyProject/Content/StarterContent/Textures/T_MacroVariation.uasset" 679
"../../../MyProject/Content/StarterContent/Materials/M_Metal_Brushed_Nickel.uasset" 680
"../../../MyProject/Content/StarterContent/Textures/T_Metal_Aluminum_D.uasset" 681
"../../../MyProject/Content/StarterContent/Textures/T_Metal_Gold_N.uasset" 682
"../../../MyProject/Content/StarterContent/Materials/M_Metal_Burnished_Steel.uasset" 683
"../../../MyProject/Content/StarterContent/Textures/T_Metal_Copper_D.uasset" 684
"../../../MyProject/Content/StarterContent/Materials/M_Metal_Copper.uasset" 685
"../../../MyProject/Content/StarterContent/Textures/T_Statue_M.uasset" 686
"../../../MyProject/Content/StarterContent/Textures/T_Statue_N.uasset" 687
"../../../MyProject/Content/StarterContent/Props/Materials/M_StatueGlass.uasset" 688
"../../../MyProject/Content/StarterContent/Architecture/Floor_400x400.uasset" 689
"../../../MyProject/Content/StarterContent/Props/SM_Chair.uasset" 690
"../../../MyProject/Content/StarterContent/Props/Materials/M_Statue.uasset" 691
"../../../MyProject/Content/StarterContent/Props/SM_Statue.uasset" 692
"../../../MyProject/Content/StarterContent/Textures/T_TableRound_M.uasset" 693
"../../../MyProject/Content/StarterContent/Textures/T_TableRound_N.uasset" 694
"../../../MyProject/Content/StarterContent/Props/Materials/M_TableRound.uasset" 695
"../../../MyProject/Content/StarterContent/Props/SM_TableRound.uasset" 696
"../../../MyProject/Content/StarterContent/Maps/Minimal_Default.umap" 697
"../../../MyProject/Content/StarterContent/Audio/Fire01_Cue.uasset" 698
"../../../MyProject/Content/StarterContent/Blueprints/Blueprint_Effect_Fire.uasset" 699
"../../../MyProject/Content/StarterContent/Audio/Smoke01_Cue.uasset" 700
"../../../MyProject/Content/StarterContent/Particles/P_Smoke.uasset" 701
"../../../MyProject/Content/StarterContent/Blueprints/Blueprint_Effect_Smoke.uasset" 702
"../../../MyProject/Content/StarterContent/Audio/Fire_Sparks01_Cue.uasset" 703
"../../../MyProject/Content/StarterContent/Textures/T_Spark_Core.uasset" 704
"../../../MyProject/Content/StarterContent/Particles/Materials/M_Spark.uasset" 705
"../../../MyProject/Content/StarterContent/Particles/P_Sparks.uasset" 706
"../../../MyProject/Content/StarterContent/Blueprints/Blueprint_Effect_Sparks.uasset" 707
"../../../MyProject/Content/StarterContent/Audio/Steam01_Cue.uasset" 708
"../../../MyProject/Content/StarterContent/Particles/P_Steam_Lit.uasset" 709
"../../../MyProject/Content/StarterContent/Blueprints/Blueprint_Effect_Steam.uasset" 710
"../../../MyProject/Content/StarterContent/Textures/T_Lamp_M.uasset" 711
"../../../MyProject/Content/StarterContent/Textures/T_Lamp_N.uasset" 712
"../../../MyProject/Content/StarterContent/Props/Materials/M_Lamp.uasset" 713
"../../../MyProject/Content/StarterContent/Props/SM_Lamp_Ceiling.uasset" 714
"../../../MyProject/Content/StarterContent/Blueprints/Blueprint_CeilingLight.uasset" 715
"../../../MyProject/Content/StarterContent/Props/SM_Lamp_Wall.uasset" 716
"../../../MyProject/Content/StarterContent/Blueprints/Blueprint_WallSconce.uasset" 717
"../../../Engine/Content/Functions/Engine_MaterialFunctions03/Procedurals/ComputeFilterWidth.uasset" 718
"../../../Engine/Content/EngineMaterials/AntiAliasedTextMaterialTranslucent.uasset" 719
"../../../MyProject/Content/StarterContent/Textures/T_Brick_Clay_Beveled_D.uasset" 720
"../../../MyProject/Content/StarterContent/Textures/T_Brick_Clay_Beveled_M.uasset" 721
"../../../MyProject/Content/StarterContent/Textures/T_Brick_Clay_Beveled_N.uasset" 722
"../../../MyProject/Content/StarterContent/Materials/M_Brick_Clay_Beveled.uasset" 723
"../../../MyProject/Content/StarterContent/Textures/T_Brick_Clay_New_D.uasset" 724
"../../../MyProject/Content/StarterContent/Textures/T_Brick_Clay_New_M.uasset" 725
"../../../MyProject/Content/StarterContent/Textures/T_Brick_Clay_New_N.uasset" 726
"../../../MyProject/Content/StarterContent/Materials/M_Brick_Clay_New.uasset" 727
"../../../MyProject/Content/StarterContent/Textures/T_Brick_Clay_Old_D.uasset" 728
"../../../MyProject/Content/StarterContent/Textures/T_Brick_Clay_Old_N.uasset" 729
"../../../MyProject/Content/StarterContent/Materials/M_Brick_Clay_Old.uasset" 730
"../../../MyProject/Content/StarterContent/Textures/T_Brick_Cut_Stone_D.uasset" 731
"../../../MyProject/Content/StarterContent/Textures/T_Brick_Cut_Stone_N.uasset" 732
"../../../MyProject/Content/StarterContent/Materials/M_Brick_Cut_Stone.uasset" 733
"../../../MyProject/Content/StarterContent/Textures/T_Brick_Hewn_Stone_D.uasset" 734
"../../../MyProject/Content/StarterContent/Textures/T_Brick_Hewn_Stone_M.uasset" 735
"../../../MyProject/Content/StarterContent/Textures/T_Brick_Hewn_Stone_N.uasset" 736
"../../../MyProject/Content/StarterContent/Materials/M_Brick_Hewn_Stone.uasset" 737
"../../../MyProject/Content/StarterContent/Textures/T_Ceramic_Tile_M.uasset" 738
"../../../MyProject/Content/StarterContent/Textures/T_Ceramic_Tile_N.uasset" 739
"../../../MyProject/Content/StarterContent/Textures/T_Rock_Marble_Polished_D.uasset" 740
"../../../MyProject/Content/StarterContent/Materials/M_Ceramic_Tile_Checker.uasset" 741
"../../../MyProject/Content/StarterContent/Textures/T_CobbleStone_Pebble_D.uasset" 742
"../../../MyProject/Content/StarterContent/Textures/T_CobbleStone_Pebble_M.uasset" 743
"../../../MyProject/Content/StarterContent/Textures/T_CobbleStone_Pebble_N.uasset" 744
"../../../MyProject/Content/StarterContent/Materials/M_CobbleStone_Pebble.uasset" 745
"../../../MyProject/Content/StarterContent/Textures/T_CobbleStone_Rough_D.uasset" 746
"../../../MyProject/Content/StarterContent/Textures/T_CobbleStone_Rough_N.uasset" 747
"../../../MyProject/Content/StarterContent/Textures/T_Gradinet_01.uasset" 748
"../../../MyProject/Content/StarterContent/Textures/T_Rock_Smooth_Granite_D.uasset" 749
"../../../MyProject/Content/StarterContent/Materials/M_CobbleStone_Rough.uasset" 750
"../../../MyProject/Content/StarterContent/Textures/T_CobbleStone_Smooth_D.uasset" 751
"../../../MyProject/Content/StarterContent/Textures/T_CobbleStone_Smooth_M.uasset" 752
"../../../MyProject/Content/StarterContent/Textures/T_CobbleStone_Smooth_N.uasset" 753
"../../../MyProject/Content/StarterContent/Materials/M_CobbleStone_Smooth.uasset" 754
"../../../MyProject/Content/StarterContent/Textures/T_Concrete_Grime_D.uasset" 755
"../../../MyProject/Content/StarterContent/Textures/T_Metal_Rust_N.uasset" 756
"../../../MyProject/Content/StarterContent/Materials/M_Concrete_Grime.uasset" 757
"../../../MyProject/Content/StarterContent/Textures/T_Concrete_Panels_D.uasset" 758
"../../../MyProject/Content/StarterContent/Textures/T_Concrete_Panels_N.uasset" 759
"../../../MyProject/Content/StarterContent/Materials/M_Concrete_Panels.uasset" 760
"../../../MyProject/Content/StarterContent/Textures/T_Concrete_Poured_D.uasset" 761
"../../../MyProject/Content/StarterContent/Textures/T_Concrete_Poured_N.uasset" 762
"../../../MyProject/Content/StarterContent/Materials/M_Concrete_Poured.uasset" 763
"../../../MyProject/Content/StarterContent/Textures/T_Concrete_Tiles_D.uasset" 764
"../../../MyProject/Content/StarterContent/Textures/T_Concrete_Tiles_M.uasset" 765
"../../../MyProject/Content/StarterContent/Textures/T_Concrete_Tiles_N.uasset" 766
"../../../MyProject/Content/StarterContent/Textures/T_Concrete_Tiles_Variation_M.uasset" 767
"../../../MyProject/Content/StarterContent/Materials/M_Concrete_Tiles.uasset" 768
"../../../MyProject/Content/StarterContent/Materials/M_Ground_Grass.uasset" 769
"../../../MyProject/Content/StarterContent/Materials/M_Ground_Gravel.uasset" 770
"../../../MyProject/Content/StarterContent/Textures/T_ground_Moss_D.uasset" 771
"../../../MyProject/Content/StarterContent/Textures/T_Ground_Moss_N.uasset" 772
"../../../MyProject/Content/StarterContent/Materials/M_Ground_Moss.uasset" 773
"../../../MyProject/Content/StarterContent/Materials/M_Metal_Chrome.uasset" 774
"../../../MyProject/Content/StarterContent/Textures/T_Metal_Gold_D.uasset" 775
"../../../MyProject/Content/StarterContent/Materials/M_Metal_Gold.uasset" 776
"../../../MyProject/Content/StarterContent/Textures/T_Metal_Rust_D.uasset" 777
"../../../MyProject/Content/StarterContent/Materials/M_Metal_Rust.uasset" 778
"../../../MyProject/Content/StarterContent/Textures/T_Metal_Steel_D.uasset" 779
"../../../MyProject/Content/StarterContent/Textures/T_Metal_Steel_N.uasset" 780
"../../../MyProject/Content/StarterContent/Materials/M_Metal_Steel.uasset" 781
"../../../MyProject/Content/StarterContent/Textures/T_Rock_Basalt_N.uasset" 782
"../../../MyProject/Content/StarterContent/Materials/M_Rock_Basalt.uasset" 783
"../../../MyProject/Content/StarterContent/Materials/M_Rock_Marble_Polished.uasset" 784
"../../../MyProject/Content/StarterContent/Textures/T_Rock_Sandstone_D.uasset" 785
"../../../MyProject/Content/StarterContent/Textures/T_Rock_Sandstone_N.uasset" 786
"../../../MyProject/Content/StarterContent/Materials/M_Rock_Sandstone.uasset" 787
"../../../MyProject/Content/StarterContent/Textures/T_Rock_Slate_D.uasset" 788
"../../../MyProject/Content/StarterContent/Textures/T_Rock_Slate_N.uasset" 789
"../../../MyProject/Content/StarterContent/Materials/M_Rock_Slate.uasset" 790
"../../../MyProject/Content/StarterContent/Textures/T_Checker_Noise_M.uasset" 791
"../../../MyProject/Content/StarterContent/Textures/T_Single_Tile_N.uasset" 792
"../../../MyProject/Content/StarterContent/Textures/T_Tech_Dot_M.uasset" 793
"../../../MyProject/Content/StarterContent/Textures/T_Tech_Dot_N.uasset" 794
"../../../MyProject/Content/StarterContent/Materials/M_Tech_Checker_Dot.uasset" 795
"../../../MyProject/Content/StarterContent/Textures/T_Tech_Hex_Tile_M.uasset" 796
"../../../MyProject/Content/StarterContent/Textures/T_Tech_Hex_Tile_N.uasset" 797
"../../../MyProject/Content/StarterContent/Materials/M_Tech_Hex_Tile.uasset" 798
"../../../MyProject/Content/StarterContent/Materials/M_Tech_Hex_Tile_Pulse.uasset" 799
"../../../MyProject/Content/StarterContent/Textures/T_Tech_Panel_M.uasset" 800
"../../../MyProject/Content/StarterContent/Textures/T_Tech_Panel_N.uasset" 801
"../../../MyProject/Content/StarterContent/Materials/M_Tech_Panel.uasset" 802
"../../../MyProject/Content/StarterContent/Textures/T_Wood_Floor_Walnut_D.uasset" 803
"../../../MyProject/Content/StarterContent/Textures/T_Wood_Floor_Walnut_M.uasset" 804
"../../../MyProject/Content/StarterContent/Textures/T_Wood_Floor_Walnut_N.uasset" 805
"../../../MyProject/Content/StarterContent/Materials/M_Wood_Floor_Walnut_Polished.uasset" 806
"../../../Engine/Content/Functions/Engine_MaterialFunctions01/Opacity/AlphaOffset.uasset" 807
"../../../MyProject/Content/StarterContent/Materials/M_Wood_Floor_Walnut_Worn.uasset" 808
"../../../MyProject/Content/StarterContent/Textures/T_Wood_Oak_D.uasset" 809
"../../../MyProject/Content/StarterContent/Textures/T_Wood_Oak_N.uasset" 810
"../../../MyProject/Content/StarterContent/Materials/M_Wood_Oak.uasset" 811
"../../../MyProject/Content/StarterContent/Textures/T_Wood_Pine_D.uasset" 812
"../../../MyProject/Content/StarterContent/Textures/T_Wood_Pine_N.uasset" 813
"../../../MyProject/Content/StarterContent/Materials/M_Wood_Pine.uasset" 814
"../../../MyProject/Content/StarterContent/Textures/T_Wood_Walnut_D.uasset" 815
"../../../MyProject/Content/StarterContent/Textures/T_Wood_Walnut_N.uasset" 816
"../../../MyProject/Content/StarterContent/Materials/M_Wood_Walnut.uasset" 817
"../../../MyProject/Content/StarterContent/Architecture/Wall_400x200.uasset" 818
"../../../MyProject/Content/StarterContent/Architecture/Wall_Door_400x300.uasset" 819
"../../../MyProject/Content/StarterContent/Architecture/Wall_Window_400x300.uasset" 820
"../../../MyProject/Content/StarterContent/Audio/Collapse_Cue.uasset" 821
"../../../MyProject/Content/StarterContent/Audio/Starter_Music_Cue.uasset" 822
"../../../MyProject/Content/StarterContent/Textures/T_Dust_Particle_D.uasset" 823
"../../../MyProject/Content/StarterContent/Particles/Materials/M_Dust_Particle.uasset" 824
"../../../MyProject/Content/StarterContent/Particles/P_Ambient_Dust.uasset" 825
"../../../MyProject/Content/StarterContent/Props/MaterialSphere.uasset" 826
"../../../MyProject/Content/StarterContent/Textures/T_Frame_M.uasset" 827
"../../../MyProject/Content/StarterContent/Textures/T_Frame_N.uasset" 828
"../../../MyProject/Content/StarterContent/Props/Materials/M_Frame.uasset" 829
"../../../MyProject/Content/StarterContent/Props/SM_CornerFrame.uasset" 830
"../../../MyProject/Content/StarterContent/Props/SM_DoorFrame.uasset" 831
"../../../MyProject/Content/StarterContent/Props/SM_GlassWindow.uasset" 832
"../../../MyProject/Content/StarterContent/Props/SM_PillarFrame.uasset" 833
"../../../MyProject/Content/StarterContent/Props/SM_PillarFrame300.uasset" 834
"../../../MyProject/Content/StarterContent/Props/SM_WindowFrame.uasset" 835
"../../../MyProject/Content/StarterContent/Shapes/Shape_QuadPyramid.uasset" 836
"../../../MyProject/Content/StarterContent/Shapes/Shape_Sphere.uasset" 837
"../../../MyProject/Content/StarterContent/Maps/StarterMap.umap" 838
"../../../MyProject/Content/VirtualRealityBP/Blueprints/HMDLocomotionPawn.uasset" 839
"../../../MyProject/Content/VirtualRealityBP/Maps/HMDLocomotionMap_BuiltData.uasset" 840
"../../../MyProject/Content/VirtualReality/Materials/M_BaseMaterial.uasset" 841
"../../../MyProject/Content/VirtualReality/Materials/MI_BaseMaterial2.uasset" 842
"../../../MyProject/Content/VirtualReality/Materials/MI_BaseMaterial3.uasset" 843
"../../../MyProject/Content/VirtualRealityBP/Maps/HMDLocomotionMap.umap" 844
"../../../MyProject/Content/VirtualReality/Materials/MI_SmallCubes.uasset" 845
"../../../MyProject/Content/VirtualRealityBP/Blueprints/BP_PickupCube.uasset" 846
"../../../MyProject/Content/VirtualRealityBP/Maps/MotionControllerMap_BuiltData.uasset" 847
"../../../MyProject/Content/VirtualRealityBP/Maps/MotionControllerMap.umap" 848
"../../../MyProject/Content/VirtualRealityBP/Maps/StartupMap_BuiltData.uasset" 849
"../../../MyProject/Content/VirtualReality/Materials/GenericHMDMaterial.uasset" 850
"../../../MyProject/Content/VirtualReality/Meshes/GenericHMD.uasset" 851
"../../../MyProject/Content/VirtualRealityBP/Maps/StartupMap.umap" 852
"../../../Engine/Content/Maps/Entry.umap" 853
